<?xml version="1.0" encoding="UTF-8"?>
<!-- Generated by org.testng.reporters.JUnitReportReporter -->
<testsuite hostname="simhadri" failures="0" tests="1" name="TestCaseRepo.TC_03" time="10.693" errors="0" timestamp="2023-05-29T12:03:15 IST" skipped="0">
  <testcase classname="TestCaseRepo.TC_03" name="TestCase" time="10.693"/>
  <system-out/>
</testsuite> <!-- TestCaseRepo.TC_03 -->
