<?xml version="1.0" encoding="UTF-8"?>
<!-- Generated by org.testng.reporters.JUnitReportReporter -->
<testsuite hostname="simhadri" failures="0" tests="1" name="TestCaseRepo.TC_01" time="9.168" errors="0" timestamp="2023-05-29T12:03:15 IST" skipped="0">
  <testcase classname="TestCaseRepo.TC_01" name="TestCase" time="9.168"/>
  <system-out/>
</testsuite> <!-- TestCaseRepo.TC_01 -->
